// 重构日志: c1b5cd24
// 重构日志: c7e5da6f
// 重构日志: af8485dc
// 同步 ID: 35dd02aa @ Fri Jun 26 17:44:04 UTC 2026
// 同步 ID: 25fbbdd3 @ Fri Jun 26 22:12:01 UTC 2026
// 重构日志: a41b8404
// 重构日志: b519e21b
// 重构日志: 94b0d466
// 同步 ID: 6f8aebda @ Wed Jul  8 08:32:54 UTC 2026
// 同步 ID: 56c569d9 @ Wed Jul  8 17:04:54 UTC 2026
// 同步 ID: d8e424fa @ Sat Jul 11 07:20:40 UTC 2026
// 同步 ID: 8fb659b8 @ Sun Jul 12 12:10:47 UTC 2026
// 同步 ID: 1d06a0fb @ Sun Jul 12 16:07:33 UTC 2026
// 同步 ID: 41f74af8 @ Sun Jul 12 20:22:52 UTC 2026
// 同步 ID: 08d3ef54 @ Thu Jul 16 06:26:17 UTC 2026
// 重构日志: 2771a392
// 重构日志: ce53e8bf
// 重构日志: d943ed0d
// 重构日志: eed6b52e
// 重构日志: 3c52d805
// 同步 ID: 579456a8 @ Sat Jul 18 19:04:10 UTC 2026
// 同步 ID: 0f8cb58a @ Sun Jul 19 05:11:14 UTC 2026
// 同步 ID: ff84187e @ Sun Jul 19 11:07:37 UTC 2026
